Determining if the pthread_create exist failed with the following output:
Change Dir: /home/hpjeon/hw/class/udemy_C++UnitTesting/UnitTest/build/CMakeFiles/CMakeTmp

Run Build Command:"/usr/bin/make" "cmTC_4b753/fast"
/usr/bin/make -f CMakeFiles/cmTC_4b753.dir/build.make CMakeFiles/cmTC_4b753.dir/build
make[1]: Entering directory '/home/hpjeon/hw/class/udemy_C++UnitTesting/UnitTest/build/CMakeFiles/CMakeTmp'
Building CXX object CMakeFiles/cmTC_4b753.dir/CheckSymbolExists.cxx.o
/usr/bin/c++     -o CMakeFiles/cmTC_4b753.dir/CheckSymbolExists.cxx.o -c /home/hpjeon/hw/class/udemy_C++UnitTesting/UnitTest/build/CMakeFiles/CMakeTmp/CheckSymbolExists.cxx
Linking CXX executable cmTC_4b753
/usr/bin/cmake -E cmake_link_script CMakeFiles/cmTC_4b753.dir/link.txt --verbose=1
/usr/bin/c++       -rdynamic CMakeFiles/cmTC_4b753.dir/CheckSymbolExists.cxx.o  -o cmTC_4b753 
CMakeFiles/cmTC_4b753.dir/CheckSymbolExists.cxx.o: In function `main':
CheckSymbolExists.cxx:(.text+0x1b): undefined reference to `pthread_create'
collect2: error: ld returned 1 exit status
CMakeFiles/cmTC_4b753.dir/build.make:97: recipe for target 'cmTC_4b753' failed
make[1]: *** [cmTC_4b753] Error 1
make[1]: Leaving directory '/home/hpjeon/hw/class/udemy_C++UnitTesting/UnitTest/build/CMakeFiles/CMakeTmp'
Makefile:126: recipe for target 'cmTC_4b753/fast' failed
make: *** [cmTC_4b753/fast] Error 2

File /home/hpjeon/hw/class/udemy_C++UnitTesting/UnitTest/build/CMakeFiles/CMakeTmp/CheckSymbolExists.cxx:
/* */
#include <pthread.h>

int main(int argc, char** argv)
{
  (void)argv;
#ifndef pthread_create
  return ((int*)(&pthread_create))[argc];
#else
  (void)argc;
  return 0;
#endif
}

Determining if the function pthread_create exists in the pthreads failed with the following output:
Change Dir: /home/hpjeon/hw/class/udemy_C++UnitTesting/UnitTest/build/CMakeFiles/CMakeTmp

Run Build Command:"/usr/bin/make" "cmTC_e17e9/fast"
/usr/bin/make -f CMakeFiles/cmTC_e17e9.dir/build.make CMakeFiles/cmTC_e17e9.dir/build
make[1]: Entering directory '/home/hpjeon/hw/class/udemy_C++UnitTesting/UnitTest/build/CMakeFiles/CMakeTmp'
Building CXX object CMakeFiles/cmTC_e17e9.dir/CheckFunctionExists.cxx.o
/usr/bin/c++    -DCHECK_FUNCTION_EXISTS=pthread_create   -o CMakeFiles/cmTC_e17e9.dir/CheckFunctionExists.cxx.o -c /home/hpjeon/hw/class/udemy_C++UnitTesting/UnitTest/build/CMakeFiles/CheckLibraryExists/CheckFunctionExists.cxx
Linking CXX executable cmTC_e17e9
/usr/bin/cmake -E cmake_link_script CMakeFiles/cmTC_e17e9.dir/link.txt --verbose=1
/usr/bin/c++   -DCHECK_FUNCTION_EXISTS=pthread_create    -rdynamic CMakeFiles/cmTC_e17e9.dir/CheckFunctionExists.cxx.o  -o cmTC_e17e9 -lpthreads 
/usr/bin/ld: cannot find -lpthreads
collect2: error: ld returned 1 exit status
CMakeFiles/cmTC_e17e9.dir/build.make:97: recipe for target 'cmTC_e17e9' failed
make[1]: *** [cmTC_e17e9] Error 1
make[1]: Leaving directory '/home/hpjeon/hw/class/udemy_C++UnitTesting/UnitTest/build/CMakeFiles/CMakeTmp'
Makefile:126: recipe for target 'cmTC_e17e9/fast' failed
make: *** [cmTC_e17e9/fast] Error 2


